<?xml version="1.0" encoding="UTF-8"?>
<!-- Generated by org.testng.reporters.JUnitReportReporter -->
<testsuite hostname="LAPTOP-DOBLN3AU" failures="0" tests="1" name="com.qa.blazedemo.testcases.FindFlightPageTest" time="3.217" errors="0" timestamp="2022-01-03T17:37:48 IST" skipped="0">
  <testcase classname="com.qa.blazedemo.testcases.FindFlightPageTest" name="findFlightTest" time="3.217"/>
  <system-out/>
</testsuite> <!-- com.qa.blazedemo.testcases.FindFlightPageTest -->
