<?xml version="1.0" encoding="UTF-8"?>
<!-- Generated by org.testng.reporters.JUnitReportReporter -->
<testsuite hostname="LAPTOP-DOBLN3AU" failures="0" tests="4" name="com.qa.blazedemo.testcases.RegisterPageTest" time="6.806" errors="0" timestamp="2022-01-04T15:12:12 IST" skipped="0">
  <testcase classname="com.qa.blazedemo.testcases.RegisterPageTest" name="verifytitleTest" time="0.025"/>
  <system-out/>
  <testcase classname="com.qa.blazedemo.testcases.RegisterPageTest" name="clickLinkToRegisterPageTest" time="5.235"/>
  <system-out/>
  <testcase classname="com.qa.blazedemo.testcases.RegisterPageTest" name="verifyRegisterURLTest" time="0.013"/>
  <system-out/>
  <testcase classname="com.qa.blazedemo.testcases.RegisterPageTest" name="RegisterUserTest" time="1.533"/>
  <system-out/>
</testsuite> <!-- com.qa.blazedemo.testcases.RegisterPageTest -->
