<?xml version="1.0" encoding="UTF-8"?>
<!-- Generated by org.testng.reporters.JUnitReportReporter -->
<testsuite hostname="LAPTOP-DOBLN3AU" failures="0" tests="3" name="com.qa.blazedemo.testcases.LoginPageTest" time="9.357" errors="0" timestamp="2022-01-03T17:37:48 IST" skipped="0">
  <testcase classname="com.qa.blazedemo.testcases.LoginPageTest" name="clickLinkToLoginPageTest" time="4.112"/>
  <system-out/>
  <testcase classname="com.qa.blazedemo.testcases.LoginPageTest" name="verifyLoginURLTest" time="0.008"/>
  <system-out/>
  <testcase classname="com.qa.blazedemo.testcases.LoginPageTest" name="logindetailsTest" time="5.237"/>
  <system-out/>
</testsuite> <!-- com.qa.blazedemo.testcases.LoginPageTest -->
