<?xml version="1.0" encoding="UTF-8"?>
<!-- Generated by org.testng.reporters.JUnitReportReporter -->
<testsuite hostname="LAPTOP-DOBLN3AU" failures="0" tests="2" name="com.qa.blazedemo.testcases.ChooseFlightsTest" time="4.183" errors="0" timestamp="2022-01-03T17:38:09 IST" skipped="0">
  <testcase classname="com.qa.blazedemo.testcases.ChooseFlightsTest" name="findflightTest" time="3.599"/>
  <system-out/>
  <testcase classname="com.qa.blazedemo.testcases.ChooseFlightsTest" name="chooseflightTest" time="0.584"/>
  <system-out/>
</testsuite> <!-- com.qa.blazedemo.testcases.ChooseFlightsTest -->
