<?xml version="1.0" encoding="UTF-8"?>
<!-- Generated by org.testng.reporters.JUnitReportReporter -->
<testsuite hostname="LAPTOP-DOBLN3AU" failures="0" tests="3" name="com.qa.blazedemo.testcases.LoginPageTest" time="8.561" errors="0" timestamp="2022-01-04T15:12:12 IST" skipped="0">
  <testcase classname="com.qa.blazedemo.testcases.LoginPageTest" name="clickLinkToLoginPageTest" time="4.030"/>
  <system-out/>
  <testcase classname="com.qa.blazedemo.testcases.LoginPageTest" name="verifyLoginURLTest" time="0.014"/>
  <system-out/>
  <testcase classname="com.qa.blazedemo.testcases.LoginPageTest" name="logindetailsTest" time="4.517"/>
  <system-out/>
</testsuite> <!-- com.qa.blazedemo.testcases.LoginPageTest -->
