<?xml version="1.0" encoding="UTF-8"?>
<!-- Generated by org.testng.reporters.JUnitReportReporter -->
<testsuite hostname="LAPTOP-DOBLN3AU" failures="0" tests="2" name="com.qa.blazedemo.testcases.MainPageTest" time="4.349" errors="0" timestamp="03 Jan 2022 11:06:42 GMT" skipped="0">
  <testcase classname="com.qa.blazedemo.testcases.MainPageTest" name="clickdestinationTest" time="3.678"/>
  <testcase classname="com.qa.blazedemo.testcases.MainPageTest" name="clickTravellinkTest" time="0.671"/>
</testsuite> <!-- com.qa.blazedemo.testcases.MainPageTest -->
