<?xml version="1.0" encoding="UTF-8"?>
<!-- Generated by org.testng.reporters.JUnitReportReporter -->
<testsuite hostname="LAPTOP-DOBLN3AU" failures="0" tests="4" name="com.qa.blazedemo.testcases.RegisterPageTest" time="7.495" errors="0" timestamp="2022-01-03T17:37:48 IST" skipped="0">
  <testcase classname="com.qa.blazedemo.testcases.RegisterPageTest" name="verifytitleTest" time="0.015"/>
  <system-out/>
  <testcase classname="com.qa.blazedemo.testcases.RegisterPageTest" name="clickLinkToRegisterPageTest" time="4.900"/>
  <system-out/>
  <testcase classname="com.qa.blazedemo.testcases.RegisterPageTest" name="verifyRegisterURLTest" time="0.014"/>
  <system-out/>
  <testcase classname="com.qa.blazedemo.testcases.RegisterPageTest" name="RegisterUserTest" time="2.566"/>
  <system-out/>
</testsuite> <!-- com.qa.blazedemo.testcases.RegisterPageTest -->
