<?xml version="1.0" encoding="UTF-8"?>
<!-- Generated by org.testng.reporters.JUnitReportReporter -->
<testsuite hostname="LAPTOP-DOBLN3AU" failures="0" tests="11" name="com.qa.blazedemo.testcases.PurchaseFlightTest" time="10.555" errors="0" timestamp="2022-01-04T08:41:06 IST" skipped="0">
  <testcase classname="com.qa.blazedemo.testcases.PurchaseFlightTest" name="ChooselightPageTest" time="3.655"/>
  <system-out/>
  <testcase classname="com.qa.blazedemo.testcases.PurchaseFlightTest" name="PurchageflightPageTest" time="0.682"/>
  <system-out/>
  <testcase classname="com.qa.blazedemo.testcases.PurchaseFlightTest" name="PurchageflightPageTest" time="0.755"/>
  <system-out/>
  <testcase classname="com.qa.blazedemo.testcases.PurchaseFlightTest" name="PurchageflightPageTest" time="0.683"/>
  <system-out/>
  <testcase classname="com.qa.blazedemo.testcases.PurchaseFlightTest" name="PurchageflightPageTest" time="0.633"/>
  <system-out/>
  <testcase classname="com.qa.blazedemo.testcases.PurchaseFlightTest" name="PurchageflightPageTest" time="0.717"/>
  <system-out/>
  <testcase classname="com.qa.blazedemo.testcases.PurchaseFlightTest" name="PurchageflightPageTest" time="0.680"/>
  <system-out/>
  <testcase classname="com.qa.blazedemo.testcases.PurchaseFlightTest" name="PurchageflightPageTest" time="0.687"/>
  <system-out/>
  <testcase classname="com.qa.blazedemo.testcases.PurchaseFlightTest" name="PurchageflightPageTest" time="0.685"/>
  <system-out/>
  <testcase classname="com.qa.blazedemo.testcases.PurchaseFlightTest" name="PurchageflightPageTest" time="0.668"/>
  <system-out/>
  <testcase classname="com.qa.blazedemo.testcases.PurchaseFlightTest" name="PurchageflightPageTest" time="0.710"/>
  <system-out/>
</testsuite> <!-- com.qa.blazedemo.testcases.PurchaseFlightTest -->
