<?xml version="1.0" encoding="UTF-8"?>
<!-- Generated by org.testng.reporters.JUnitReportReporter -->
<testsuite hostname="LAPTOP-DOBLN3AU" failures="0" tests="2" name="com.qa.blazedemo.testcases.MainPageTest" time="4.346" errors="0" timestamp="04 Jan 2022 09:47:29 GMT" skipped="0">
  <testcase classname="com.qa.blazedemo.testcases.MainPageTest" name="clickdestinationTest" time="3.706"/>
  <testcase classname="com.qa.blazedemo.testcases.MainPageTest" name="clickTravellinkTest" time="0.640"/>
</testsuite> <!-- com.qa.blazedemo.testcases.MainPageTest -->
