<?xml version="1.0" encoding="UTF-8"?>
<!-- Generated by org.testng.reporters.JUnitReportReporter -->
<testsuite hostname="LAPTOP-DOBLN3AU" failures="0" tests="4" name="com.qa.blazedemo.testcases.RegisterPageTest" time="7.122" errors="0" timestamp="04 Jan 2022 09:47:29 GMT" skipped="0">
  <testcase classname="com.qa.blazedemo.testcases.RegisterPageTest" name="verifytitleTest" time="0.013"/>
  <testcase classname="com.qa.blazedemo.testcases.RegisterPageTest" name="clickLinkToRegisterPageTest" time="5.145"/>
  <testcase classname="com.qa.blazedemo.testcases.RegisterPageTest" name="verifyRegisterURLTest" time="0.009"/>
  <testcase classname="com.qa.blazedemo.testcases.RegisterPageTest" name="RegisterUserTest" time="1.955"/>
</testsuite> <!-- com.qa.blazedemo.testcases.RegisterPageTest -->
