<?xml version="1.0" encoding="UTF-8"?>
<!-- Generated by org.testng.reporters.JUnitReportReporter -->
<testsuite hostname="LAPTOP-DOBLN3AU" failures="0" tests="3" name="com.qa.blazedemo.testcases.LoginPageTest" time="9.734" errors="0" timestamp="04 Jan 2022 09:47:29 GMT" skipped="0">
  <testcase classname="com.qa.blazedemo.testcases.LoginPageTest" name="clickLinkToLoginPageTest" time="4.899"/>
  <testcase classname="com.qa.blazedemo.testcases.LoginPageTest" name="verifyLoginURLTest" time="0.018"/>
  <testcase classname="com.qa.blazedemo.testcases.LoginPageTest" name="logindetailsTest" time="4.817"/>
</testsuite> <!-- com.qa.blazedemo.testcases.LoginPageTest -->
